-------------------- НОВЫЙ ЗАПУСК 13:30:23.254 --------------------
13:30:23.256 : Пользователя с именем ФИученика1 и логином login1 нету в базе данных
13:30:23.259 : Взятие пользователя по строке login1|ФИученика1 безуспешно завершено. Проверьте информацию в файле 2000.01.01.day и C:\Users\USER\source\repos\M4dOS\InfoBase\data\Data.xlsx
13:30:23.316 : Проблема с данными расписания или ошибка FillDays()
13:30:23.317 : Возникла ошибка, проверьте лог 2023-05-22.log

-------------------- НОВЫЙ ЗАПУСК 13:30:41.790 --------------------
13:30:41.792 : Пользователя с именем ФИученика1 и логином login1 нету в базе данных
13:30:41.793 : Взятие пользователя по строке login1|ФИученика1 безуспешно завершено. Проверьте информацию в файле 2000.01.01.day и C:\Users\USER\source\repos\M4dOS\InfoBase\data\Data.xlsx
13:30:41.909 : Проблема с данными расписания или ошибка FillDays()
13:30:41.910 : Возникла ошибка, проверьте лог 2023-05-22.log

-------------------- НОВЫЙ ЗАПУСК 13:32:23.363 --------------------
13:32:23.364 : Списки учителей не совпадают со списком пользователей с доступом Teacher
Нехватает следующих учителей в списке :
ФИученика2
ФИученика3

13:32:23.366 : Проблема с базовыми данными или ошибка FillData()
13:32:23.367 : Возникла ошибка, проверьте лог 2023-05-22.log

-------------------- НОВЫЙ ЗАПУСК 13:32:34.234 --------------------
13:32:34.235 : Списки учителей не совпадают со списком пользователей с доступом Teacher
Нехватает следующих учителей в списке :
ФИученика2
ФИученика3

13:32:34.237 : Проблема с базовыми данными или ошибка FillData()
13:32:34.237 : Возникла ошибка, проверьте лог 2023-05-22.log

-------------------- НОВЫЙ ЗАПУСК 13:33:42.848 --------------------
13:33:42.851 : Списки учителей не совпадают со списком пользователей с доступом Teacher
Нехватает следующих учителей в списке :
ФИученика2
ФИученика3

13:33:42.852 : Проблема с базовыми данными или ошибка FillData()
13:33:42.854 : Возникла ошибка, проверьте лог 2023-05-22.log

-------------------- НОВЫЙ ЗАПУСК 13:34:43.742 --------------------
13:34:43.743 : Пользователя с именем ФИученика1 и логином login1 нету в базе данных
13:34:43.744 : Взятие пользователя по строке login1|ФИученика1 безуспешно завершено. Проверьте информацию в файле 2000.01.01.day и C:\Users\USER\source\repos\M4dOS\InfoBase\data\Data.xlsx
13:34:43.816 : Проблема с данными расписания или ошибка FillDays()
13:34:43.817 : Возникла ошибка, проверьте лог 2023-05-22.log

-------------------- НОВЫЙ ЗАПУСК 13:36:22.207 --------------------
13:36:22.208 : Начало работы программы: 22 мая 2023 г. 13:36:22.205

-------------------- НОВЫЙ ЗАПУСК 13:36:44.829 --------------------
13:36:44.830 : Начало работы программы: 22 мая 2023 г. 13:36:44.827
13:36:44.831 : name

-------------------- НОВЫЙ ЗАПУСК 13:38:06.265 --------------------
13:38:06.265 : Начало работы программы: 22 мая 2023 г. 13:38:06.263
13:38:06.266 : name
13:38:09.792 : name = 12345

-------------------- НОВЫЙ ЗАПУСК 13:42:08.870 --------------------
13:42:08.872 : Начало работы программы: 22 мая 2023 г. 13:42:08.869
13:42:08.873 : name
13:42:17.824 : time start
13:43:15.361 : time end
13:43:29.526 : name : 123456
13:43:29.527 : time : 2022.05.20 12.00 - 2022.05.20 13.30

-------------------- НОВЫЙ ЗАПУСК 13:52:14.244 --------------------
13:52:14.245 : Начало работы программы: 22 мая 2023 г. 13:52:14.243
13:52:14.247 : input time: yyyy.mm.dd hh.mm
13:52:14.247 : time start
13:52:32.565 : time end
13:52:45.855 : auditorium
13:52:49.835 : time : 2022/05/20 - 2022/05/21
13:52:49.835 : room : a1
13:52:49.836 : name of lesson
13:53:15.786 : description
13:53:19.168 : 
13:53:19.168 : time : 2022/05/20 - 2022/05/21
13:53:19.169 : room : a1
13:53:19.170 : lesson : math
13:53:19.170 : additional info : aaaaaaaaaaaaaa

-------------------- НОВЫЙ ЗАПУСК 14:06:19.810 --------------------
14:06:19.811 : Начало работы программы: 22 мая 2023 г. 14:06:19.808
14:06:19.812 : input time: yyyy.mm.dd hh.mm
14:06:19.812 : time start
14:06:19.813 : day
14:06:26.586 : mounth
14:06:29.962 : year
14:06:37.343 : hour
14:06:40.467 : minuts
14:06:42.006 : time end
14:07:13.146 : auditorium
14:07:16.031 : time : 20.05.2020 12. 12.00 - 2020.05.20 13.30
14:07:16.032 : room : a1
14:07:16.033 : name of lesson

-------------------- НОВЫЙ ЗАПУСК 15:35:10.444 --------------------
15:35:10.445 : Начало работы программы: 22 мая 2023 г. 15:35:10.440
15:35:10.447 : input time: yyyy.mm.dd hh.mm
15:35:10.447 : time start
15:35:10.447 : day
15:35:27.495 : mounth
15:35:30.691 : year
15:35:37.647 : hour
15:35:44.385 : minuts
15:35:50.021 : time end
15:36:34.119 : auditorium
15:36:37.951 : time : 12.12.2020 12:20 - 2020.12.12 20:20
15:36:37.951 : room : a1
15:36:37.952 : name of lesson

-------------------- НОВЫЙ ЗАПУСК 16:01:09.807 --------------------
16:01:09.809 : Начало работы программы: 22 мая 2023 г. 16:01:09.803
16:01:09.811 : input time: yyyy.mm.dd hh.mm
16:01:09.811 : time start
16:01:09.812 : day
16:01:13.245 : mounth
16:01:14.849 : year
16:01:16.914 : hour
16:01:18.347 : minuts
16:01:19.167 : time end
16:01:25.751 : auditorium
16:01:29.395 : time : 20.12.2020 12:20 - 2020
16:01:29.396 : room : a1
16:01:29.396 : name of lesson
